# JRE version: Java(TM) SE Runtime Environment (7.0_40-b43) (build 1.7.0_40-b43)
# Java VM: Java HotSpot(TM) 64-Bit Server VM (24.0-b56 mixed mode linux-amd64 compressed oops)
Heap
 PSYoungGen      total 37376K, used 32311K [0x00000007d6f00000, 0x00000007da100000, 0x0000000800000000)
  eden space 29184K, 82% used [0x00000007d6f00000,0x00000007d86906a8,0x00000007d8b80000)
  from space 8192K, 99% used [0x00000007d9580000,0x00000007d9d7d910,0x00000007d9d80000)
  to   space 10240K, 0% used [0x00000007d8b80000,0x00000007d8b80000,0x00000007d9580000)
 ParOldGen       total 83968K, used 9078K [0x0000000784e00000, 0x000000078a000000, 0x00000007d6f00000)
  object space 83968K, 10% used [0x0000000784e00000,0x00000007856ddb18,0x000000078a000000)
 PSPermGen       total 21504K, used 20204K [0x000000077fc00000, 0x0000000781100000, 0x0000000784e00000)
  object space 21504K, 93% used [0x000000077fc00000,0x0000000780fbb328,0x0000000781100000)
GC Heap History (10 events):
Event: 5.496 GC heap before
{Heap before GC invocations=2 (full 0):
 PSYoungGen      total 36864K, used 35906K [0x00000007d6f00000, 0x00000007d9800000, 0x0000000800000000)
  eden space 31744K, 100% used [0x00000007d6f00000,0x00000007d8e00000,0x00000007d8e00000)
  from space 5120K, 81% used [0x00000007d8e00000,0x00000007d9210a40,0x00000007d9300000)
  to   space 5120K, 0% used [0x00000007d9300000,0x00000007d9300000,0x00000007d9800000)
 ParOldGen       total 83968K, used 8K [0x0000000784e00000, 0x000000078a000000, 0x00000007d6f00000)
  object space 83968K, 0% used [0x0000000784e00000,0x0000000784e02000,0x000000078a000000)
 PSPermGen       total 21504K, used 12086K [0x000000077fc00000, 0x0000000781100000, 0x0000000784e00000)
  object space 21504K, 56% used [0x000000077fc00000,0x00000007807cda90,0x0000000781100000)
Event: 5.513 GC heap after
Heap after GC invocations=2 (full 0):
 PSYoungGen      total 36864K, used 2713K [0x00000007d6f00000, 0x00000007d9800000, 0x0000000800000000)
  eden space 31744K, 0% used [0x00000007d6f00000,0x00000007d6f00000,0x00000007d8e00000)
  from space 5120K, 52% used [0x00000007d9300000,0x00000007d95a64d0,0x00000007d9800000)
  to   space 5120K, 0% used [0x00000007d8e00000,0x00000007d8e00000,0x00000007d9300000)
 ParOldGen       total 83968K, used 4816K [0x0000000784e00000, 0x000000078a000000, 0x00000007d6f00000)
  object space 83968K, 5% used [0x0000000784e00000,0x00000007852b4010,0x000000078a000000)
 PSPermGen       total 21504K, used 12086K [0x000000077fc00000, 0x0000000781100000, 0x0000000784e00000)
  object space 21504K, 56% used [0x000000077fc00000,0x00000007807cda90,0x0000000781100000)
}
Event: 7.425 GC heap before
{Heap before GC invocations=3 (full 0):
 PSYoungGen      total 36864K, used 34457K [0x00000007d6f00000, 0x00000007d9800000, 0x0000000800000000)
  eden space 31744K, 100% used [0x00000007d6f00000,0x00000007d8e00000,0x00000007d8e00000)
  from space 5120K, 52% used [0x00000007d9300000,0x00000007d95a64d0,0x00000007d9800000)
  to   space 5120K, 0% used [0x00000007d8e00000,0x00000007d8e00000,0x00000007d9300000)
 ParOldGen       total 83968K, used 4816K [0x0000000784e00000, 0x000000078a000000, 0x00000007d6f00000)
  object space 83968K, 5% used [0x0000000784e00000,0x00000007852b4010,0x000000078a000000)
 PSPermGen       total 21504K, used 13888K [0x000000077fc00000, 0x0000000781100000, 0x0000000784e00000)
  object space 21504K, 64% used [0x000000077fc00000,0x00000007809901a0,0x0000000781100000)
Event: 7.448 GC heap after
Heap after GC invocations=3 (full 0):
 PSYoungGen      total 36864K, used 4776K [0x00000007d6f00000, 0x00000007d9800000, 0x0000000800000000)
  eden space 31744K, 0% used [0x00000007d6f00000,0x00000007d6f00000,0x00000007d8e00000)
  from space 5120K, 93% used [0x00000007d8e00000,0x00000007d92aa238,0x00000007d9300000)
  to   space 5120K, 0% used [0x00000007d9300000,0x00000007d9300000,0x00000007d9800000)
 ParOldGen       total 83968K, used 4824K [0x0000000784e00000, 0x000000078a000000, 0x00000007d6f00000)
  object space 83968K, 5% used [0x0000000784e00000,0x00000007852b6010,0x000000078a000000)
 PSPermGen       total 21504K, used 13888K [0x000000077fc00000, 0x0000000781100000, 0x0000000784e00000)
  object space 21504K, 64% used [0x000000077fc00000,0x00000007809901a0,0x0000000781100000)
}
Event: 9.479 GC heap before
{Heap before GC invocations=4 (full 0):
 PSYoungGen      total 36864K, used 36520K [0x00000007d6f00000, 0x00000007d9800000, 0x0000000800000000)
  eden space 31744K, 100% used [0x00000007d6f00000,0x00000007d8e00000,0x00000007d8e00000)
  from space 5120K, 93% used [0x00000007d8e00000,0x00000007d92aa238,0x00000007d9300000)
  to   space 5120K, 0% used [0x00000007d9300000,0x00000007d9300000,0x00000007d9800000)
 ParOldGen       total 83968K, used 4824K [0x0000000784e00000, 0x000000078a000000, 0x00000007d6f00000)
  object space 83968K, 5% used [0x0000000784e00000,0x00000007852b6010,0x000000078a000000)
 PSPermGen       total 21504K, used 19545K [0x000000077fc00000, 0x0000000781100000, 0x0000000784e00000)
  object space 21504K, 90% used [0x000000077fc00000,0x0000000780f164b0,0x0000000781100000)
Event: 9.499 GC heap after
Heap after GC invocations=4 (full 0):
 PSYoungGen      total 36864K, used 5091K [0x00000007d6f00000, 0x00000007d9800000, 0x0000000800000000)
  eden space 31744K, 0% used [0x00000007d6f00000,0x00000007d6f00000,0x00000007d8e00000)
  from space 5120K, 99% used [0x00000007d9300000,0x00000007d97f8fc8,0x00000007d9800000)
  to   space 5120K, 0% used [0x00000007d8e00000,0x00000007d8e00000,0x00000007d9300000)
 ParOldGen       total 83968K, used 7438K [0x0000000784e00000, 0x000000078a000000, 0x00000007d6f00000)
  object space 83968K, 8% used [0x0000000784e00000,0x0000000785543b18,0x000000078a000000)
 PSPermGen       total 21504K, used 19545K [0x000000077fc00000, 0x0000000781100000, 0x0000000784e00000)
  object space 21504K, 90% used [0x000000077fc00000,0x0000000780f164b0,0x0000000781100000)
}
Event: 10.773 GC heap before
{Heap before GC invocations=5 (full 0):
 PSYoungGen      total 36864K, used 36835K [0x00000007d6f00000, 0x00000007d9800000, 0x0000000800000000)
  eden space 31744K, 100% used [0x00000007d6f00000,0x00000007d8e00000,0x00000007d8e00000)
  from space 5120K, 99% used [0x00000007d9300000,0x00000007d97f8fc8,0x00000007d9800000)
  to   space 5120K, 0% used [0x00000007d8e00000,0x00000007d8e00000,0x00000007d9300000)
 ParOldGen       total 83968K, used 7438K [0x0000000784e00000, 0x000000078a000000, 0x00000007d6f00000)
  object space 83968K, 8% used [0x0000000784e00000,0x0000000785543b18,0x000000078a000000)
 PSPermGen       total 21504K, used 19552K [0x000000077fc00000, 0x0000000781100000, 0x0000000784e00000)
  object space 21504K, 90% used [0x000000077fc00000,0x0000000780f182a8,0x0000000781100000)
Event: 10.789 GC heap after
Heap after GC invocations=5 (full 0):
 PSYoungGen      total 36352K, used 5090K [0x00000007d6f00000, 0x00000007d9d80000, 0x0000000800000000)
  eden space 31232K, 0% used [0x00000007d6f00000,0x00000007d6f00000,0x00000007d8d80000)
  from space 5120K, 99% used [0x00000007d8e00000,0x00000007d92f8870,0x00000007d9300000)
  to   space 8192K, 0% used [0x00000007d9580000,0x00000007d9580000,0x00000007d9d80000)
 ParOldGen       total 83968K, used 7886K [0x0000000784e00000, 0x000000078a000000, 0x00000007d6f00000)
  object space 83968K, 9% used [0x0000000784e00000,0x00000007855b3b18,0x000000078a000000)
 PSPermGen       total 21504K, used 19552K [0x000000077fc00000, 0x0000000781100000, 0x0000000784e00000)
  object space 21504K, 90% used [0x000000077fc00000,0x0000000780f182a8,0x0000000781100000)
}
Event: 21.746 GC heap before
{Heap before GC invocations=6 (full 0):
 PSYoungGen      total 36352K, used 36322K [0x00000007d6f00000, 0x00000007d9d80000, 0x0000000800000000)
  eden space 31232K, 100% used [0x00000007d6f00000,0x00000007d8d80000,0x00000007d8d80000)
  from space 5120K, 99% used [0x00000007d8e00000,0x00000007d92f8870,0x00000007d9300000)
  to   space 8192K, 0% used [0x00000007d9580000,0x00000007d9580000,0x00000007d9d80000)
 ParOldGen       total 83968K, used 7886K [0x0000000784e00000, 0x000000078a000000, 0x00000007d6f00000)
  object space 83968K, 9% used [0x0000000784e00000,0x00000007855b3b18,0x000000078a000000)
 PSPermGen       total 21504K, used 20170K [0x000000077fc00000, 0x0000000781100000, 0x0000000784e00000)
  object space 21504K, 93% used [0x000000077fc00000,0x0000000780fb2840,0x0000000781100000)
Event: 21.769 GC heap after
Heap after GC invocations=6 (full 0):
 PSYoungGen      total 37376K, used 8182K [0x00000007d6f00000, 0x00000007da100000, 0x0000000800000000)
  eden space 29184K, 0% used [0x00000007d6f00000,0x00000007d6f00000,0x00000007d8b80000)
  from space 8192K, 99% used [0x00000007d9580000,0x00000007d9d7d910,0x00000007d9d80000)
  to   space 10240K, 0% used [0x00000007d8b80000,0x00000007d8b80000,0x00000007d9580000)
 ParOldGen       total 83968K, used 9078K [0x0000000784e00000, 0x000000078a000000, 0x00000007d6f00000)
  object space 83968K, 10% used [0x0000000784e00000,0x00000007856ddb18,0x000000078a000000)
 PSPermGen       total 21504K, used 20170K [0x000000077fc00000, 0x0000000781100000, 0x0000000784e00000)
  object space 21504K, 93% used [0x000000077fc00000,0x0000000780fb2840,0x0000000781100000)
}

